<?xml version="1.0" encoding="UTF-8"?>
<!-- Generated by org.testng.reporters.JUnitReportReporter -->
<testsuite hostname="DESKTOP-7G81F0G" failures="0" tests="1" name="Tests.AddToCartTest" time="12.680" errors="0" timestamp="2024-09-26T18:37:21 IDT" skipped="0">
  <testcase classname="Tests.AddToCartTest" name="addToCart" time="12.680"/>
</testsuite> <!-- Tests.AddToCartTest -->
